#-----------------------------------------------------------
# Vivado v2024.2 (64-bit)
# SW Build 5239630 on Fri Nov 08 22:35:27 MST 2024
# IP Build 5239520 on Sun Nov 10 16:12:51 MST 2024
# SharedData Build 5239561 on Fri Nov 08 14:39:27 MST 2024
# Start of session at: Thu Jan  2 19:41:53 2025
# Process ID         : 16028
# Current directory  : E:/Trabajo-VHDL/Cafetera
# Command line       : vivado.exe -gui_launcher_event rodinguilauncherevent11292 E:\Trabajo-VHDL\Cafetera\Cafetera.xpr
# Log file           : E:/Trabajo-VHDL/Cafetera/vivado.log
# Journal file       : E:/Trabajo-VHDL/Cafetera\vivado.jou
# Running On         : HuaweiPC-Dyl2
# Platform           : Windows Server 2016 or Windows 10
# Operating System   : 19045
# Processor Detail   : AMD Ryzen 5 3500U with Radeon Vega Mobile Gfx  
# CPU Frequency      : 2096 MHz
# CPU Physical cores : 4
# CPU Logical cores  : 8
# Host memory        : 7448 MB
# Swap memory        : 6636 MB
# Total Virtual      : 14085 MB
# Available Virtual  : 4569 MB
#-----------------------------------------------------------
start_gui
open_project E:/Trabajo-VHDL/Cafetera/Cafetera.xpr
INFO: [filemgmt 56-3] Default IP Output Path : Could not find the directory 'E:/Trabajo-VHDL/Cafetera/Cafetera.gen/sources_1'.
Scanning sources...
Finished scanning sources
INFO: [IP_Flow 19-234] Refreshing IP repositories
INFO: [IP_Flow 19-1704] No user IP repositories specified
INFO: [IP_Flow 19-2313] Loaded Vivado IP repository 'E:/Vivado/Vivado/2024.2/data/ip'.
open_project: Time (s): cpu = 00:00:13 ; elapsed = 00:00:07 . Memory (MB): peak = 1080.891 ; gain = 51.496
update_compile_order -fileset sources_1
reset_run synth_1
launch_runs synth_1 -jobs 4
WARNING: [Vivado 12-7122] Auto Incremental Compile:: No reference checkpoint was found in run synth_1. Auto-incremental flow will not be run, the standard flow will be run instead.
[Thu Jan  2 19:43:42 2025] Launched synth_1...
Run output will be captured here: E:/Trabajo-VHDL/Cafetera/Cafetera.runs/synth_1/runme.log
