#-----------------------------------------------------------
# Vivado v2024.2 (64-bit)
# SW Build 5239630 on Fri Nov 08 22:35:27 MST 2024
# IP Build 5239520 on Sun Nov 10 16:12:51 MST 2024
# SharedData Build 5239561 on Fri Nov 08 14:39:27 MST 2024
# Start of session at: Thu Jan  2 18:43:31 2025
# Process ID         : 13568
# Current directory  : E:/Trabajo-VHDL/Cafetera
# Command line       : vivado.exe -gui_launcher_event rodinguilauncherevent15972 E:\Trabajo-VHDL\Cafetera\Cafetera.xpr
# Log file           : E:/Trabajo-VHDL/Cafetera/vivado.log
# Journal file       : E:/Trabajo-VHDL/Cafetera\vivado.jou
# Running On         : HuaweiPC-Dyl2
# Platform           : Windows Server 2016 or Windows 10
# Operating System   : 19045
# Processor Detail   : AMD Ryzen 5 3500U with Radeon Vega Mobile Gfx  
# CPU Frequency      : 2096 MHz
# CPU Physical cores : 4
# CPU Logical cores  : 8
# Host memory        : 7448 MB
# Swap memory        : 6636 MB
# Total Virtual      : 14085 MB
# Available Virtual  : 5496 MB
#-----------------------------------------------------------
start_gui
open_project E:/Trabajo-VHDL/Cafetera/Cafetera.xpr
INFO: [Project 1-313] Project file moved from 'C:/Users/davil/Cafetera/Trabajo-VHDL/Cafetera' since last save.
INFO: [filemgmt 56-3] Default IP Output Path : Could not find the directory 'E:/Trabajo-VHDL/Cafetera/Cafetera.gen/sources_1'.
Scanning sources...
Finished scanning sources
INFO: [Project 1-230] Project 'Cafetera.xpr' upgraded for this version of Vivado.
INFO: [IP_Flow 19-234] Refreshing IP repositories
INFO: [IP_Flow 19-1704] No user IP repositories specified
INFO: [IP_Flow 19-2313] Loaded Vivado IP repository 'E:/Vivado/Vivado/2024.2/data/ip'.
open_project: Time (s): cpu = 00:00:16 ; elapsed = 00:00:11 . Memory (MB): peak = 1074.613 ; gain = 52.238
update_compile_order -fileset sources_1
launch_runs synth_1 -jobs 4
WARNING: [Vivado 12-7122] Auto Incremental Compile:: No reference checkpoint was found in run synth_1. Auto-incremental flow will not be run, the standard flow will be run instead.
[Thu Jan  2 18:58:13 2025] Launched synth_1...
Run output will be captured here: E:/Trabajo-VHDL/Cafetera/Cafetera.runs/synth_1/runme.log
reset_run synth_1
WARNING: [filemgmt 56-199] Attempt to get parsing info during refresh. "On-the-fly" syntax checking information may be incorrect. [E:\Trabajo-VHDL\Cafetera\Cafetera.srcs\sources_1\imports\new\counter.vhd:]
WARNING: [filemgmt 56-199] Attempt to get parsing info during refresh. "On-the-fly" syntax checking information may be incorrect. [E:\Trabajo-VHDL\Cafetera\Cafetera.srcs\sources_1\imports\new\SYNCHRNZR.vhd:]
WARNING: [filemgmt 56-199] Attempt to get parsing info during refresh. "On-the-fly" syntax checking information may be incorrect. [E:\Trabajo-VHDL\Cafetera\Cafetera.srcs\sources_1\new\Top.vhd:]
WARNING: [filemgmt 56-199] Attempt to get parsing info during refresh. "On-the-fly" syntax checking information may be incorrect. [E:\Trabajo-VHDL\Cafetera\Cafetera.srcs\sources_1\imports\new\EDGEDTCTR.vhd:]
WARNING: [filemgmt 56-199] Attempt to get parsing info during refresh. "On-the-fly" syntax checking information may be incorrect. [E:\Trabajo-VHDL\Cafetera\Cafetera.srcs\sources_1\imports\new\SYNCHRNZR.vhd:]
WARNING: [filemgmt 56-199] Attempt to get parsing info during refresh. "On-the-fly" syntax checking information may be incorrect. [E:\Trabajo-VHDL\Cafetera\Cafetera.srcs\sources_1\imports\new\SYNCHRNZR.vhd:]
WARNING: [filemgmt 56-199] Attempt to get parsing info during refresh. "On-the-fly" syntax checking information may be incorrect. [E:\Trabajo-VHDL\Cafetera\Cafetera.srcs\sources_1\imports\new\counter.vhd:]
WARNING: [filemgmt 56-199] Attempt to get parsing info during refresh. "On-the-fly" syntax checking information may be incorrect. [E:\Trabajo-VHDL\Cafetera\Cafetera.srcs\sources_1\imports\new\SYNCHRNZR.vhd:]
WARNING: [filemgmt 56-199] Attempt to get parsing info during refresh. "On-the-fly" syntax checking information may be incorrect. [E:\Trabajo-VHDL\Cafetera\Cafetera.srcs\sources_1\new\Top.vhd:]
WARNING: [filemgmt 56-199] Attempt to get parsing info during refresh. "On-the-fly" syntax checking information may be incorrect. [E:\Trabajo-VHDL\Cafetera\Cafetera.srcs\sources_1\imports\new\EDGEDTCTR.vhd:]
WARNING: [filemgmt 56-199] Attempt to get parsing info during refresh. "On-the-fly" syntax checking information may be incorrect. [E:\Trabajo-VHDL\Cafetera\Cafetera.srcs\sources_1\imports\new\counter.vhd:]
WARNING: [filemgmt 56-199] Attempt to get parsing info during refresh. "On-the-fly" syntax checking information may be incorrect. [E:\Trabajo-VHDL\Cafetera\Cafetera.srcs\sources_1\imports\new\counter.vhd:]
WARNING: [filemgmt 56-199] Attempt to get parsing info during refresh. "On-the-fly" syntax checking information may be incorrect. [E:\Trabajo-VHDL\Cafetera\Cafetera.srcs\sources_1\imports\new\counter.vhd:]
WARNING: [filemgmt 56-199] Attempt to get parsing info during refresh. "On-the-fly" syntax checking information may be incorrect. [E:\Trabajo-VHDL\Cafetera\Cafetera.srcs\sources_1\imports\new\SYNCHRNZR.vhd:]
WARNING: [filemgmt 56-199] Attempt to get parsing info during refresh. "On-the-fly" syntax checking information may be incorrect. [E:\Trabajo-VHDL\Cafetera\Cafetera.srcs\sources_1\new\Top.vhd:]
WARNING: [filemgmt 56-199] Attempt to get parsing info during refresh. "On-the-fly" syntax checking information may be incorrect. [E:\Trabajo-VHDL\Cafetera\Cafetera.srcs\sources_1\imports\new\EDGEDTCTR.vhd:]
WARNING: [filemgmt 56-199] Attempt to get parsing info during refresh. "On-the-fly" syntax checking information may be incorrect. [E:\Trabajo-VHDL\Cafetera\Cafetera.srcs\sources_1\new\Top.vhd:]
WARNING: [filemgmt 56-199] Attempt to get parsing info during refresh. "On-the-fly" syntax checking information may be incorrect. [E:\Trabajo-VHDL\Cafetera\Cafetera.srcs\sources_1\new\Top.vhd:]
launch_runs synth_1 -jobs 4
WARNING: [Vivado 12-7122] Auto Incremental Compile:: No reference checkpoint was found in run synth_1. Auto-incremental flow will not be run, the standard flow will be run instead.
[Thu Jan  2 19:14:06 2025] Launched synth_1...
Run output will be captured here: E:/Trabajo-VHDL/Cafetera/Cafetera.runs/synth_1/runme.log
reset_run synth_1
WARNING: [filemgmt 56-199] Attempt to get parsing info during refresh. "On-the-fly" syntax checking information may be incorrect. [E:\Trabajo-VHDL\Cafetera\Cafetera.srcs\sources_1\imports\new\counter.vhd:]
WARNING: [filemgmt 56-199] Attempt to get parsing info during refresh. "On-the-fly" syntax checking information may be incorrect. [E:\Trabajo-VHDL\Cafetera\Cafetera.srcs\sources_1\imports\new\SYNCHRNZR.vhd:]
WARNING: [filemgmt 56-199] Attempt to get parsing info during refresh. "On-the-fly" syntax checking information may be incorrect. [E:\Trabajo-VHDL\Cafetera\Cafetera.srcs\sources_1\new\Top.vhd:]
WARNING: [filemgmt 56-199] Attempt to get parsing info during refresh. "On-the-fly" syntax checking information may be incorrect. [E:\Trabajo-VHDL\Cafetera\Cafetera.srcs\sources_1\imports\new\EDGEDTCTR.vhd:]
WARNING: [filemgmt 56-199] Attempt to get parsing info during refresh. "On-the-fly" syntax checking information may be incorrect. [E:\Trabajo-VHDL\Cafetera\Cafetera.srcs\sources_1\imports\new\SYNCHRNZR.vhd:]
WARNING: [filemgmt 56-199] Attempt to get parsing info during refresh. "On-the-fly" syntax checking information may be incorrect. [E:\Trabajo-VHDL\Cafetera\Cafetera.srcs\sources_1\imports\new\SYNCHRNZR.vhd:]
WARNING: [filemgmt 56-199] Attempt to get parsing info during refresh. "On-the-fly" syntax checking information may be incorrect. [E:\Trabajo-VHDL\Cafetera\Cafetera.srcs\sources_1\imports\new\counter.vhd:]
WARNING: [filemgmt 56-199] Attempt to get parsing info during refresh. "On-the-fly" syntax checking information may be incorrect. [E:\Trabajo-VHDL\Cafetera\Cafetera.srcs\sources_1\imports\new\SYNCHRNZR.vhd:]
WARNING: [filemgmt 56-199] Attempt to get parsing info during refresh. "On-the-fly" syntax checking information may be incorrect. [E:\Trabajo-VHDL\Cafetera\Cafetera.srcs\sources_1\new\Top.vhd:]
WARNING: [filemgmt 56-199] Attempt to get parsing info during refresh. "On-the-fly" syntax checking information may be incorrect. [E:\Trabajo-VHDL\Cafetera\Cafetera.srcs\sources_1\imports\new\EDGEDTCTR.vhd:]
WARNING: [filemgmt 56-199] Attempt to get parsing info during refresh. "On-the-fly" syntax checking information may be incorrect. [E:\Trabajo-VHDL\Cafetera\Cafetera.srcs\sources_1\imports\new\EDGEDTCTR.vhd:]
WARNING: [filemgmt 56-199] Attempt to get parsing info during refresh. "On-the-fly" syntax checking information may be incorrect. [E:\Trabajo-VHDL\Cafetera\Cafetera.srcs\sources_1\imports\new\EDGEDTCTR.vhd:]
WARNING: [filemgmt 56-199] Attempt to get parsing info during refresh. "On-the-fly" syntax checking information may be incorrect. [E:\Trabajo-VHDL\Cafetera\Cafetera.srcs\sources_1\imports\new\counter.vhd:]
WARNING: [filemgmt 56-199] Attempt to get parsing info during refresh. "On-the-fly" syntax checking information may be incorrect. [E:\Trabajo-VHDL\Cafetera\Cafetera.srcs\sources_1\imports\new\SYNCHRNZR.vhd:]
WARNING: [filemgmt 56-199] Attempt to get parsing info during refresh. "On-the-fly" syntax checking information may be incorrect. [E:\Trabajo-VHDL\Cafetera\Cafetera.srcs\sources_1\new\Top.vhd:]
WARNING: [filemgmt 56-199] Attempt to get parsing info during refresh. "On-the-fly" syntax checking information may be incorrect. [E:\Trabajo-VHDL\Cafetera\Cafetera.srcs\sources_1\imports\new\EDGEDTCTR.vhd:]
WARNING: [filemgmt 56-199] Attempt to get parsing info during refresh. "On-the-fly" syntax checking information may be incorrect. [E:\Trabajo-VHDL\Cafetera\Cafetera.srcs\sources_1\imports\new\counter.vhd:]
WARNING: [filemgmt 56-199] Attempt to get parsing info during refresh. "On-the-fly" syntax checking information may be incorrect. [E:\Trabajo-VHDL\Cafetera\Cafetera.srcs\sources_1\imports\new\counter.vhd:]
launch_runs synth_1 -jobs 4
WARNING: [Vivado 12-7122] Auto Incremental Compile:: No reference checkpoint was found in run synth_1. Auto-incremental flow will not be run, the standard flow will be run instead.
[Thu Jan  2 19:18:13 2025] Launched synth_1...
Run output will be captured here: E:/Trabajo-VHDL/Cafetera/Cafetera.runs/synth_1/runme.log
reset_run synth_1
WARNING: [filemgmt 56-199] Attempt to get parsing info during refresh. "On-the-fly" syntax checking information may be incorrect. [E:\Trabajo-VHDL\Cafetera\Cafetera.srcs\sources_1\imports\new\counter.vhd:]
WARNING: [filemgmt 56-199] Attempt to get parsing info during refresh. "On-the-fly" syntax checking information may be incorrect. [E:\Trabajo-VHDL\Cafetera\Cafetera.srcs\sources_1\imports\new\SYNCHRNZR.vhd:]
WARNING: [filemgmt 56-199] Attempt to get parsing info during refresh. "On-the-fly" syntax checking information may be incorrect. [E:\Trabajo-VHDL\Cafetera\Cafetera.srcs\sources_1\new\Top.vhd:]
WARNING: [filemgmt 56-199] Attempt to get parsing info during refresh. "On-the-fly" syntax checking information may be incorrect. [E:\Trabajo-VHDL\Cafetera\Cafetera.srcs\sources_1\imports\new\EDGEDTCTR.vhd:]
WARNING: [filemgmt 56-199] Attempt to get parsing info during refresh. "On-the-fly" syntax checking information may be incorrect. [E:\Trabajo-VHDL\Cafetera\Cafetera.srcs\sources_1\imports\new\SYNCHRNZR.vhd:]
WARNING: [filemgmt 56-199] Attempt to get parsing info during refresh. "On-the-fly" syntax checking information may be incorrect. [E:\Trabajo-VHDL\Cafetera\Cafetera.srcs\sources_1\imports\new\SYNCHRNZR.vhd:]
WARNING: [filemgmt 56-199] Attempt to get parsing info during refresh. "On-the-fly" syntax checking information may be incorrect. [E:\Trabajo-VHDL\Cafetera\Cafetera.srcs\sources_1\imports\new\counter.vhd:]
WARNING: [filemgmt 56-199] Attempt to get parsing info during refresh. "On-the-fly" syntax checking information may be incorrect. [E:\Trabajo-VHDL\Cafetera\Cafetera.srcs\sources_1\imports\new\SYNCHRNZR.vhd:]
WARNING: [filemgmt 56-199] Attempt to get parsing info during refresh. "On-the-fly" syntax checking information may be incorrect. [E:\Trabajo-VHDL\Cafetera\Cafetera.srcs\sources_1\new\Top.vhd:]
WARNING: [filemgmt 56-199] Attempt to get parsing info during refresh. "On-the-fly" syntax checking information may be incorrect. [E:\Trabajo-VHDL\Cafetera\Cafetera.srcs\sources_1\imports\new\EDGEDTCTR.vhd:]
WARNING: [filemgmt 56-199] Attempt to get parsing info during refresh. "On-the-fly" syntax checking information may be incorrect. [E:\Trabajo-VHDL\Cafetera\Cafetera.srcs\sources_1\imports\new\EDGEDTCTR.vhd:]
WARNING: [filemgmt 56-199] Attempt to get parsing info during refresh. "On-the-fly" syntax checking information may be incorrect. [E:\Trabajo-VHDL\Cafetera\Cafetera.srcs\sources_1\imports\new\EDGEDTCTR.vhd:]
launch_runs synth_1 -jobs 4
ERROR: [Common 17-180] Spawn failed: No error
WARNING: [filemgmt 56-199] Attempt to get parsing info during refresh. "On-the-fly" syntax checking information may be incorrect. [E:\Trabajo-VHDL\Cafetera\Cafetera.srcs\sources_1\imports\new\counter.vhd:]
WARNING: [filemgmt 56-199] Attempt to get parsing info during refresh. "On-the-fly" syntax checking information may be incorrect. [E:\Trabajo-VHDL\Cafetera\Cafetera.srcs\sources_1\imports\new\SYNCHRNZR.vhd:]
WARNING: [filemgmt 56-199] Attempt to get parsing info during refresh. "On-the-fly" syntax checking information may be incorrect. [E:\Trabajo-VHDL\Cafetera\Cafetera.srcs\sources_1\new\Top.vhd:]
WARNING: [filemgmt 56-199] Attempt to get parsing info during refresh. "On-the-fly" syntax checking information may be incorrect. [E:\Trabajo-VHDL\Cafetera\Cafetera.srcs\sources_1\imports\new\EDGEDTCTR.vhd:]
WARNING: [filemgmt 56-199] Attempt to get parsing info during refresh. "On-the-fly" syntax checking information may be incorrect. [E:\Trabajo-VHDL\Cafetera\Cafetera.srcs\sources_1\imports\new\counter.vhd:]
WARNING: [filemgmt 56-199] Attempt to get parsing info during refresh. "On-the-fly" syntax checking information may be incorrect. [E:\Trabajo-VHDL\Cafetera\Cafetera.srcs\sources_1\imports\new\counter.vhd:]
ERROR: [Common 17-180] Spawn failed: No error
ERROR: [Vivado 12-4756] Launch of runs aborted due to earlier errors while preparing sub-designs for run execution.
launch_runs synth_1 -jobs 4
WARNING: [Vivado 12-7122] Auto Incremental Compile:: No reference checkpoint was found in run synth_1. Auto-incremental flow will not be run, the standard flow will be run instead.
[Thu Jan  2 19:21:33 2025] Launched synth_1...
Run output will be captured here: E:/Trabajo-VHDL/Cafetera/Cafetera.runs/synth_1/runme.log
WARNING: [filemgmt 56-199] Attempt to get parsing info during refresh. "On-the-fly" syntax checking information may be incorrect. [E:\Trabajo-VHDL\Cafetera\Cafetera.srcs\sources_1\imports\new\counter.vhd:]
WARNING: [filemgmt 56-199] Attempt to get parsing info during refresh. "On-the-fly" syntax checking information may be incorrect. [E:\Trabajo-VHDL\Cafetera\Cafetera.srcs\sources_1\imports\new\SYNCHRNZR.vhd:]
WARNING: [filemgmt 56-199] Attempt to get parsing info during refresh. "On-the-fly" syntax checking information may be incorrect. [E:\Trabajo-VHDL\Cafetera\Cafetera.srcs\sources_1\new\Top.vhd:]
WARNING: [filemgmt 56-199] Attempt to get parsing info during refresh. "On-the-fly" syntax checking information may be incorrect. [E:\Trabajo-VHDL\Cafetera\Cafetera.srcs\sources_1\imports\new\EDGEDTCTR.vhd:]
WARNING: [filemgmt 56-199] Attempt to get parsing info during refresh. "On-the-fly" syntax checking information may be incorrect. [E:\Trabajo-VHDL\Cafetera\Cafetera.srcs\sources_1\imports\new\SYNCHRNZR.vhd:]
WARNING: [filemgmt 56-199] Attempt to get parsing info during refresh. "On-the-fly" syntax checking information may be incorrect. [E:\Trabajo-VHDL\Cafetera\Cafetera.srcs\sources_1\imports\new\SYNCHRNZR.vhd:]
WARNING: [filemgmt 56-199] Attempt to get parsing info during refresh. "On-the-fly" syntax checking information may be incorrect. [E:\Trabajo-VHDL\Cafetera\Cafetera.srcs\sources_1\imports\new\counter.vhd:]
WARNING: [filemgmt 56-199] Attempt to get parsing info during refresh. "On-the-fly" syntax checking information may be incorrect. [E:\Trabajo-VHDL\Cafetera\Cafetera.srcs\sources_1\imports\new\SYNCHRNZR.vhd:]
WARNING: [filemgmt 56-199] Attempt to get parsing info during refresh. "On-the-fly" syntax checking information may be incorrect. [E:\Trabajo-VHDL\Cafetera\Cafetera.srcs\sources_1\new\Top.vhd:]
WARNING: [filemgmt 56-199] Attempt to get parsing info during refresh. "On-the-fly" syntax checking information may be incorrect. [E:\Trabajo-VHDL\Cafetera\Cafetera.srcs\sources_1\imports\new\EDGEDTCTR.vhd:]
WARNING: [filemgmt 56-199] Attempt to get parsing info during refresh. "On-the-fly" syntax checking information may be incorrect. [E:\Trabajo-VHDL\Cafetera\Cafetera.srcs\sources_1\imports\new\EDGEDTCTR.vhd:]
WARNING: [filemgmt 56-199] Attempt to get parsing info during refresh. "On-the-fly" syntax checking information may be incorrect. [E:\Trabajo-VHDL\Cafetera\Cafetera.srcs\sources_1\imports\new\EDGEDTCTR.vhd:]
ERROR: [Common 17-180] Spawn failed: No error
WARNING: [filemgmt 56-199] Attempt to get parsing info during refresh. "On-the-fly" syntax checking information may be incorrect. [E:\Trabajo-VHDL\Cafetera\Cafetera.srcs\sources_1\imports\new\counter.vhd:]
WARNING: [filemgmt 56-199] Attempt to get parsing info during refresh. "On-the-fly" syntax checking information may be incorrect. [E:\Trabajo-VHDL\Cafetera\Cafetera.srcs\sources_1\imports\new\SYNCHRNZR.vhd:]
WARNING: [filemgmt 56-199] Attempt to get parsing info during refresh. "On-the-fly" syntax checking information may be incorrect. [E:\Trabajo-VHDL\Cafetera\Cafetera.srcs\sources_1\new\Top.vhd:]
WARNING: [filemgmt 56-199] Attempt to get parsing info during refresh. "On-the-fly" syntax checking information may be incorrect. [E:\Trabajo-VHDL\Cafetera\Cafetera.srcs\sources_1\imports\new\EDGEDTCTR.vhd:]
WARNING: [filemgmt 56-199] Attempt to get parsing info during refresh. "On-the-fly" syntax checking information may be incorrect. [E:\Trabajo-VHDL\Cafetera\Cafetera.srcs\sources_1\new\Top.vhd:]
WARNING: [filemgmt 56-199] Attempt to get parsing info during refresh. "On-the-fly" syntax checking information may be incorrect. [E:\Trabajo-VHDL\Cafetera\Cafetera.srcs\sources_1\new\Top.vhd:]
ERROR: [Common 17-180] Spawn failed: No error
reset_run synth_1
WARNING: [filemgmt 56-199] Attempt to get parsing info during refresh. "On-the-fly" syntax checking information may be incorrect. [E:\Trabajo-VHDL\Cafetera\Cafetera.srcs\sources_1\imports\new\counter.vhd:]
WARNING: [filemgmt 56-199] Attempt to get parsing info during refresh. "On-the-fly" syntax checking information may be incorrect. [E:\Trabajo-VHDL\Cafetera\Cafetera.srcs\sources_1\imports\new\SYNCHRNZR.vhd:]
WARNING: [filemgmt 56-199] Attempt to get parsing info during refresh. "On-the-fly" syntax checking information may be incorrect. [E:\Trabajo-VHDL\Cafetera\Cafetera.srcs\sources_1\new\Top.vhd:]
WARNING: [filemgmt 56-199] Attempt to get parsing info during refresh. "On-the-fly" syntax checking information may be incorrect. [E:\Trabajo-VHDL\Cafetera\Cafetera.srcs\sources_1\imports\new\EDGEDTCTR.vhd:]
WARNING: [filemgmt 56-199] Attempt to get parsing info during refresh. "On-the-fly" syntax checking information may be incorrect. [E:\Trabajo-VHDL\Cafetera\Cafetera.srcs\sources_1\imports\new\SYNCHRNZR.vhd:]
WARNING: [filemgmt 56-199] Attempt to get parsing info during refresh. "On-the-fly" syntax checking information may be incorrect. [E:\Trabajo-VHDL\Cafetera\Cafetera.srcs\sources_1\imports\new\SYNCHRNZR.vhd:]
WARNING: [filemgmt 56-199] Attempt to get parsing info during refresh. "On-the-fly" syntax checking information may be incorrect. [E:\Trabajo-VHDL\Cafetera\Cafetera.srcs\sources_1\imports\new\counter.vhd:]
WARNING: [filemgmt 56-199] Attempt to get parsing info during refresh. "On-the-fly" syntax checking information may be incorrect. [E:\Trabajo-VHDL\Cafetera\Cafetera.srcs\sources_1\imports\new\SYNCHRNZR.vhd:]
WARNING: [filemgmt 56-199] Attempt to get parsing info during refresh. "On-the-fly" syntax checking information may be incorrect. [E:\Trabajo-VHDL\Cafetera\Cafetera.srcs\sources_1\new\Top.vhd:]
WARNING: [filemgmt 56-199] Attempt to get parsing info during refresh. "On-the-fly" syntax checking information may be incorrect. [E:\Trabajo-VHDL\Cafetera\Cafetera.srcs\sources_1\imports\new\EDGEDTCTR.vhd:]
WARNING: [filemgmt 56-199] Attempt to get parsing info during refresh. "On-the-fly" syntax checking information may be incorrect. [E:\Trabajo-VHDL\Cafetera\Cafetera.srcs\sources_1\imports\new\counter.vhd:]
WARNING: [filemgmt 56-199] Attempt to get parsing info during refresh. "On-the-fly" syntax checking information may be incorrect. [E:\Trabajo-VHDL\Cafetera\Cafetera.srcs\sources_1\imports\new\counter.vhd:]
ERROR: [Common 17-180] Spawn failed: No error
WARNING: [filemgmt 56-199] Attempt to get parsing info during refresh. "On-the-fly" syntax checking information may be incorrect. [E:\Trabajo-VHDL\Cafetera\Cafetera.srcs\sources_1\imports\new\counter.vhd:]
WARNING: [filemgmt 56-199] Attempt to get parsing info during refresh. "On-the-fly" syntax checking information may be incorrect. [E:\Trabajo-VHDL\Cafetera\Cafetera.srcs\sources_1\imports\new\SYNCHRNZR.vhd:]
WARNING: [filemgmt 56-199] Attempt to get parsing info during refresh. "On-the-fly" syntax checking information may be incorrect. [E:\Trabajo-VHDL\Cafetera\Cafetera.srcs\sources_1\new\Top.vhd:]
WARNING: [filemgmt 56-199] Attempt to get parsing info during refresh. "On-the-fly" syntax checking information may be incorrect. [E:\Trabajo-VHDL\Cafetera\Cafetera.srcs\sources_1\imports\new\EDGEDTCTR.vhd:]
WARNING: [filemgmt 56-199] Attempt to get parsing info during refresh. "On-the-fly" syntax checking information may be incorrect. [E:\Trabajo-VHDL\Cafetera\Cafetera.srcs\sources_1\imports\new\EDGEDTCTR.vhd:]
WARNING: [filemgmt 56-199] Attempt to get parsing info during refresh. "On-the-fly" syntax checking information may be incorrect. [E:\Trabajo-VHDL\Cafetera\Cafetera.srcs\sources_1\imports\new\EDGEDTCTR.vhd:]
ERROR: [Common 17-180] Spawn failed: No error
launch_runs synth_1 -jobs 4
WARNING: [Vivado 12-7122] Auto Incremental Compile:: No reference checkpoint was found in run synth_1. Auto-incremental flow will not be run, the standard flow will be run instead.
[Thu Jan  2 19:29:04 2025] Launched synth_1...
Run output will be captured here: E:/Trabajo-VHDL/Cafetera/Cafetera.runs/synth_1/runme.log
WARNING: [filemgmt 56-199] Attempt to get parsing info during refresh. "On-the-fly" syntax checking information may be incorrect. [E:\Trabajo-VHDL\Cafetera\Cafetera.srcs\sources_1\imports\new\counter.vhd:]
WARNING: [filemgmt 56-199] Attempt to get parsing info during refresh. "On-the-fly" syntax checking information may be incorrect. [E:\Trabajo-VHDL\Cafetera\Cafetera.srcs\sources_1\imports\new\SYNCHRNZR.vhd:]
WARNING: [filemgmt 56-199] Attempt to get parsing info during refresh. "On-the-fly" syntax checking information may be incorrect. [E:\Trabajo-VHDL\Cafetera\Cafetera.srcs\sources_1\new\Top.vhd:]
WARNING: [filemgmt 56-199] Attempt to get parsing info during refresh. "On-the-fly" syntax checking information may be incorrect. [E:\Trabajo-VHDL\Cafetera\Cafetera.srcs\sources_1\imports\new\EDGEDTCTR.vhd:]
WARNING: [filemgmt 56-199] Attempt to get parsing info during refresh. "On-the-fly" syntax checking information may be incorrect. [E:\Trabajo-VHDL\Cafetera\Cafetera.srcs\sources_1\imports\new\SYNCHRNZR.vhd:]
WARNING: [filemgmt 56-199] Attempt to get parsing info during refresh. "On-the-fly" syntax checking information may be incorrect. [E:\Trabajo-VHDL\Cafetera\Cafetera.srcs\sources_1\imports\new\SYNCHRNZR.vhd:]
WARNING: [filemgmt 56-199] Attempt to get parsing info during refresh. "On-the-fly" syntax checking information may be incorrect. [E:\Trabajo-VHDL\Cafetera\Cafetera.srcs\sources_1\imports\new\counter.vhd:]
WARNING: [filemgmt 56-199] Attempt to get parsing info during refresh. "On-the-fly" syntax checking information may be incorrect. [E:\Trabajo-VHDL\Cafetera\Cafetera.srcs\sources_1\imports\new\SYNCHRNZR.vhd:]
WARNING: [filemgmt 56-199] Attempt to get parsing info during refresh. "On-the-fly" syntax checking information may be incorrect. [E:\Trabajo-VHDL\Cafetera\Cafetera.srcs\sources_1\new\Top.vhd:]
WARNING: [filemgmt 56-199] Attempt to get parsing info during refresh. "On-the-fly" syntax checking information may be incorrect. [E:\Trabajo-VHDL\Cafetera\Cafetera.srcs\sources_1\imports\new\EDGEDTCTR.vhd:]
WARNING: [filemgmt 56-199] Attempt to get parsing info during refresh. "On-the-fly" syntax checking information may be incorrect. [E:\Trabajo-VHDL\Cafetera\Cafetera.srcs\sources_1\imports\new\EDGEDTCTR.vhd:]
WARNING: [filemgmt 56-199] Attempt to get parsing info during refresh. "On-the-fly" syntax checking information may be incorrect. [E:\Trabajo-VHDL\Cafetera\Cafetera.srcs\sources_1\imports\new\EDGEDTCTR.vhd:]
ERROR: [Common 17-180] Spawn failed: No error
WARNING: [filemgmt 56-199] Attempt to get parsing info during refresh. "On-the-fly" syntax checking information may be incorrect. [E:\Trabajo-VHDL\Cafetera\Cafetera.srcs\sources_1\imports\new\counter.vhd:]
WARNING: [filemgmt 56-199] Attempt to get parsing info during refresh. "On-the-fly" syntax checking information may be incorrect. [E:\Trabajo-VHDL\Cafetera\Cafetera.srcs\sources_1\imports\new\SYNCHRNZR.vhd:]
WARNING: [filemgmt 56-199] Attempt to get parsing info during refresh. "On-the-fly" syntax checking information may be incorrect. [E:\Trabajo-VHDL\Cafetera\Cafetera.srcs\sources_1\new\Top.vhd:]
WARNING: [filemgmt 56-199] Attempt to get parsing info during refresh. "On-the-fly" syntax checking information may be incorrect. [E:\Trabajo-VHDL\Cafetera\Cafetera.srcs\sources_1\imports\new\EDGEDTCTR.vhd:]
WARNING: [filemgmt 56-199] Attempt to get parsing info during refresh. "On-the-fly" syntax checking information may be incorrect. [E:\Trabajo-VHDL\Cafetera\Cafetera.srcs\sources_1\new\Top.vhd:]
WARNING: [filemgmt 56-199] Attempt to get parsing info during refresh. "On-the-fly" syntax checking information may be incorrect. [E:\Trabajo-VHDL\Cafetera\Cafetera.srcs\sources_1\new\Top.vhd:]
ERROR: [Common 17-180] Spawn failed: No error
WARNING: [filemgmt 56-199] Attempt to get parsing info during refresh. "On-the-fly" syntax checking information may be incorrect. [E:\Trabajo-VHDL\Cafetera\Cafetera.srcs\sources_1\imports\new\counter.vhd:]
WARNING: [filemgmt 56-199] Attempt to get parsing info during refresh. "On-the-fly" syntax checking information may be incorrect. [E:\Trabajo-VHDL\Cafetera\Cafetera.srcs\sources_1\imports\new\SYNCHRNZR.vhd:]
WARNING: [filemgmt 56-199] Attempt to get parsing info during refresh. "On-the-fly" syntax checking information may be incorrect. [E:\Trabajo-VHDL\Cafetera\Cafetera.srcs\sources_1\new\Top.vhd:]
WARNING: [filemgmt 56-199] Attempt to get parsing info during refresh. "On-the-fly" syntax checking information may be incorrect. [E:\Trabajo-VHDL\Cafetera\Cafetera.srcs\sources_1\imports\new\EDGEDTCTR.vhd:]
WARNING: [filemgmt 56-199] Attempt to get parsing info during refresh. "On-the-fly" syntax checking information may be incorrect. [E:\Trabajo-VHDL\Cafetera\Cafetera.srcs\sources_1\imports\new\SYNCHRNZR.vhd:]
WARNING: [filemgmt 56-199] Attempt to get parsing info during refresh. "On-the-fly" syntax checking information may be incorrect. [E:\Trabajo-VHDL\Cafetera\Cafetera.srcs\sources_1\imports\new\SYNCHRNZR.vhd:]
WARNING: [filemgmt 56-199] Attempt to get parsing info during refresh. "On-the-fly" syntax checking information may be incorrect. [E:\Trabajo-VHDL\Cafetera\Cafetera.srcs\sources_1\imports\new\counter.vhd:]
WARNING: [filemgmt 56-199] Attempt to get parsing info during refresh. "On-the-fly" syntax checking information may be incorrect. [E:\Trabajo-VHDL\Cafetera\Cafetera.srcs\sources_1\imports\new\SYNCHRNZR.vhd:]
WARNING: [filemgmt 56-199] Attempt to get parsing info during refresh. "On-the-fly" syntax checking information may be incorrect. [E:\Trabajo-VHDL\Cafetera\Cafetera.srcs\sources_1\new\Top.vhd:]
WARNING: [filemgmt 56-199] Attempt to get parsing info during refresh. "On-the-fly" syntax checking information may be incorrect. [E:\Trabajo-VHDL\Cafetera\Cafetera.srcs\sources_1\imports\new\EDGEDTCTR.vhd:]
WARNING: [filemgmt 56-199] Attempt to get parsing info during refresh. "On-the-fly" syntax checking information may be incorrect. [E:\Trabajo-VHDL\Cafetera\Cafetera.srcs\sources_1\imports\new\EDGEDTCTR.vhd:]
WARNING: [filemgmt 56-199] Attempt to get parsing info during refresh. "On-the-fly" syntax checking information may be incorrect. [E:\Trabajo-VHDL\Cafetera\Cafetera.srcs\sources_1\imports\new\EDGEDTCTR.vhd:]
ERROR: [Common 17-180] Spawn failed: No error
WARNING: [filemgmt 56-199] Attempt to get parsing info during refresh. "On-the-fly" syntax checking information may be incorrect. [E:\Trabajo-VHDL\Cafetera\Cafetera.srcs\sources_1\imports\new\counter.vhd:]
WARNING: [filemgmt 56-199] Attempt to get parsing info during refresh. "On-the-fly" syntax checking information may be incorrect. [E:\Trabajo-VHDL\Cafetera\Cafetera.srcs\sources_1\imports\new\SYNCHRNZR.vhd:]
WARNING: [filemgmt 56-199] Attempt to get parsing info during refresh. "On-the-fly" syntax checking information may be incorrect. [E:\Trabajo-VHDL\Cafetera\Cafetera.srcs\sources_1\new\Top.vhd:]
WARNING: [filemgmt 56-199] Attempt to get parsing info during refresh. "On-the-fly" syntax checking information may be incorrect. [E:\Trabajo-VHDL\Cafetera\Cafetera.srcs\sources_1\imports\new\EDGEDTCTR.vhd:]
WARNING: [filemgmt 56-199] Attempt to get parsing info during refresh. "On-the-fly" syntax checking information may be incorrect. [E:\Trabajo-VHDL\Cafetera\Cafetera.srcs\sources_1\imports\new\counter.vhd:]
WARNING: [filemgmt 56-199] Attempt to get parsing info during refresh. "On-the-fly" syntax checking information may be incorrect. [E:\Trabajo-VHDL\Cafetera\Cafetera.srcs\sources_1\imports\new\counter.vhd:]
ERROR: [Common 17-180] Spawn failed: No error
reset_run synth_1
launch_runs synth_1 -jobs 4
WARNING: [Vivado 12-7122] Auto Incremental Compile:: No reference checkpoint was found in run synth_1. Auto-incremental flow will not be run, the standard flow will be run instead.
[Thu Jan  2 19:33:14 2025] Launched synth_1...
Run output will be captured here: E:/Trabajo-VHDL/Cafetera/Cafetera.runs/synth_1/runme.log
